<?xml version="1.0" encoding="UTF-8"?>
<!-- Generated by org.testng.reporters.JUnitXMLReporter -->
<testsuite ignored="0" hostname="DESKTOP-DN1M6R1" failures="0" tests="14" name="Surefire test" time="26.719" errors="0" timestamp="2024-10-10T15:35:12 IST">
  <testcase classname="test.DataDrivenTest" name="testPostuser" time="3.04"/>
  <testcase classname="test.DataDrivenTest" name="testPostuser" time="1.5"/>
  <testcase classname="test.DataDrivenTest" name="testPostuser" time="1.534"/>
  <testcase classname="test.DataDrivenTest" name="testDeleteUsewr" time="1.566"/>
  <testcase classname="test.DataDrivenTest" name="testDeleteUsewr" time="1.536"/>
  <testcase classname="test.DataDrivenTest" name="testDeleteUsewr" time="1.535"/>
  <testcase classname="test.TestUsingPropFile" name="postUser" time="1.494"/>
  <testcase classname="test.TestUsingPropFile" name="testGetUserByName" time="1.572"/>
  <testcase classname="test.TestUsingPropFile" name="testUpdateUserByName" time="2.832"/>
  <testcase classname="test.TestUsingPropFile" name="testDeleteUserByName" time="1.533"/>
  <testcase classname="test.UserTests" name="postUser" time="1.403"/>
  <testcase classname="test.UserTests" name="testGetUserByName" time="1.535"/>
  <testcase classname="test.UserTests" name="testUpdateUserByName" time="2.79"/>
  <testcase classname="test.UserTests" name="testDeleteUserByName" time="1.508"/>
</testsuite> <!-- Surefire test -->
