<?xml version="1.0" encoding="UTF-8"?>
<!-- Generated by org.testng.reporters.JUnitXMLReporter -->
<testsuite ignored="0" hostname="DESKTOP-DN1M6R1" failures="0" tests="6" name="Default test" time="11.548" errors="0" timestamp="2024-10-10T00:54:26 IST">
  <testcase classname="test.DataDrivenTest" name="testPostuser" time="2.92"/>
  <testcase classname="test.DataDrivenTest" name="testPostuser" time="1.514"/>
  <testcase classname="test.DataDrivenTest" name="testPostuser" time="1.534"/>
  <testcase classname="test.DataDrivenTest" name="testDeleteUsewr" time="1.572"/>
  <testcase classname="test.DataDrivenTest" name="testDeleteUsewr" time="1.432"/>
  <testcase classname="test.DataDrivenTest" name="testDeleteUsewr" time="1.535"/>
</testsuite> <!-- Default test -->
