<?xml version="1.0" encoding="UTF-8"?>
<!-- Generated by org.testng.reporters.JUnitXMLReporter -->
<testsuite ignored="0" hostname="DESKTOP-DN1M6R1" failures="4" tests="4" name="UserOpTest" time="0.524" errors="0" timestamp="2024-10-10T00:27:00 IST">
  <testcase classname="test.TestUsingPropFile" name="postUser" time="0.008">
    <failure type="java.util.MissingResourceException" message="Can&amp;apos;t find bundle for base name routes, locale en_US">
      <![CDATA[java.util.MissingResourceException: Can't find bundle for base name routes, locale en_US
at java.base/java.util.ResourceBundle.throwMissingResourceException(ResourceBundle.java:2045)
at java.base/java.util.ResourceBundle.getBundleImpl(ResourceBundle.java:1683)
at java.base/java.util.ResourceBundle.getBundleImpl(ResourceBundle.java:1586)
at java.base/java.util.ResourceBundle.getBundleImpl(ResourceBundle.java:1549)
at java.base/java.util.ResourceBundle.getBundle(ResourceBundle.java:858)
at endpoints.RequestUsingProp.getURLUsingProp(RequestUsingProp.java:15)
at endpoints.RequestUsingProp.createUser(RequestUsingProp.java:23)
at test.TestUsingPropFile.postUser(TestUsingPropFile.java:43)
at java.base/java.util.ArrayList.forEach(ArrayList.java:1511)
... Removed 27 stack frames]]>
    </failure>
  </testcase> <!-- postUser -->
  <testcase classname="test.TestUsingPropFile" name="testGetUserByName" time="0.001">
    <failure type="java.util.MissingResourceException" message="Can&amp;apos;t find bundle for base name routes, locale en_US">
      <![CDATA[java.util.MissingResourceException: Can't find bundle for base name routes, locale en_US
at java.base/java.util.ResourceBundle.throwMissingResourceException(ResourceBundle.java:2045)
at java.base/java.util.ResourceBundle.getBundleImpl(ResourceBundle.java:1683)
at java.base/java.util.ResourceBundle.getBundleImpl(ResourceBundle.java:1586)
at java.base/java.util.ResourceBundle.getBundleImpl(ResourceBundle.java:1549)
at java.base/java.util.ResourceBundle.getBundle(ResourceBundle.java:858)
at endpoints.RequestUsingProp.getURLUsingProp(RequestUsingProp.java:15)
at endpoints.RequestUsingProp.getUser(RequestUsingProp.java:37)
at test.TestUsingPropFile.testGetUserByName(TestUsingPropFile.java:52)
at java.base/java.util.ArrayList.forEach(ArrayList.java:1511)
... Removed 27 stack frames]]>
    </failure>
  </testcase> <!-- testGetUserByName -->
  <testcase classname="test.TestUsingPropFile" name="testUpdateUserByName" time="0.002">
    <failure type="java.util.MissingResourceException" message="Can&amp;apos;t find bundle for base name routes, locale en_US">
      <![CDATA[java.util.MissingResourceException: Can't find bundle for base name routes, locale en_US
at java.base/java.util.ResourceBundle.throwMissingResourceException(ResourceBundle.java:2045)
at java.base/java.util.ResourceBundle.getBundleImpl(ResourceBundle.java:1683)
at java.base/java.util.ResourceBundle.getBundleImpl(ResourceBundle.java:1586)
at java.base/java.util.ResourceBundle.getBundleImpl(ResourceBundle.java:1549)
at java.base/java.util.ResourceBundle.getBundle(ResourceBundle.java:858)
at endpoints.RequestUsingProp.getURLUsingProp(RequestUsingProp.java:15)
at endpoints.RequestUsingProp.updateUser(RequestUsingProp.java:49)
at test.TestUsingPropFile.testUpdateUserByName(TestUsingPropFile.java:66)
at java.base/java.util.ArrayList.forEach(ArrayList.java:1511)
... Removed 27 stack frames]]>
    </failure>
  </testcase> <!-- testUpdateUserByName -->
  <testcase classname="test.TestUsingPropFile" name="testDeleteUserByName" time="0.001">
    <failure type="java.util.MissingResourceException" message="Can&amp;apos;t find bundle for base name routes, locale en_US">
      <![CDATA[java.util.MissingResourceException: Can't find bundle for base name routes, locale en_US
at java.base/java.util.ResourceBundle.throwMissingResourceException(ResourceBundle.java:2045)
at java.base/java.util.ResourceBundle.getBundleImpl(ResourceBundle.java:1683)
at java.base/java.util.ResourceBundle.getBundleImpl(ResourceBundle.java:1586)
at java.base/java.util.ResourceBundle.getBundleImpl(ResourceBundle.java:1549)
at java.base/java.util.ResourceBundle.getBundle(ResourceBundle.java:858)
at endpoints.RequestUsingProp.getURLUsingProp(RequestUsingProp.java:15)
at endpoints.RequestUsingProp.deleteUser(RequestUsingProp.java:63)
at test.TestUsingPropFile.testDeleteUserByName(TestUsingPropFile.java:80)
at java.base/java.util.ArrayList.forEach(ArrayList.java:1511)
... Removed 27 stack frames]]>
    </failure>
  </testcase> <!-- testDeleteUserByName -->
</testsuite> <!-- UserOpTest -->
