<?xml version="1.0" encoding="UTF-8"?>
<testng-results ignored="0" total="14" passed="14" failed="0" skipped="0">
  <reporter-output>
    <line>
      <![CDATA[User created and logged successfully]]>
    </line>
    <line>
      <![CDATA[User created and logged successfully]]>
    </line>
    <line>
      <![CDATA[User created and logged successfully]]>
    </line>
  </reporter-output>
  <suite started-at="2024-10-10T15:34:46 IST" name="Surefire suite" finished-at="2024-10-10T15:35:12 IST" duration-ms="26719">
    <groups>
    </groups>
    <test started-at="2024-10-10T15:34:46 IST" name="Surefire test" finished-at="2024-10-10T15:35:12 IST" duration-ms="26719">
      <class name="test.TestUsingPropFile">
        <test-method is-config="true" signature="setupData()[pri:0, instance:test.TestUsingPropFile@358ee631]" started-at="2024-10-10T15:34:57 IST" name="setupData" finished-at="2024-10-10T15:34:58 IST" duration-ms="144" status="PASS">
          <reporter-output>
          </reporter-output>
        </test-method> <!-- setupData -->
        <test-method signature="postUser()[pri:1, instance:test.TestUsingPropFile@358ee631]" started-at="2024-10-10T15:34:58 IST" name="postUser" finished-at="2024-10-10T15:34:59 IST" duration-ms="1494" status="PASS">
          <reporter-output>
          </reporter-output>
        </test-method> <!-- postUser -->
        <test-method signature="testGetUserByName()[pri:2, instance:test.TestUsingPropFile@358ee631]" started-at="2024-10-10T15:34:59 IST" name="testGetUserByName" finished-at="2024-10-10T15:35:01 IST" duration-ms="1572" status="PASS">
          <reporter-output>
          </reporter-output>
        </test-method> <!-- testGetUserByName -->
        <test-method signature="testUpdateUserByName()[pri:3, instance:test.TestUsingPropFile@358ee631]" started-at="2024-10-10T15:35:01 IST" name="testUpdateUserByName" finished-at="2024-10-10T15:35:03 IST" duration-ms="2832" status="PASS">
          <reporter-output>
          </reporter-output>
        </test-method> <!-- testUpdateUserByName -->
        <test-method signature="testDeleteUserByName()[pri:4, instance:test.TestUsingPropFile@358ee631]" started-at="2024-10-10T15:35:03 IST" name="testDeleteUserByName" finished-at="2024-10-10T15:35:05 IST" duration-ms="1533" status="PASS">
          <reporter-output>
          </reporter-output>
        </test-method> <!-- testDeleteUserByName -->
      </class> <!-- test.TestUsingPropFile -->
      <class name="test.UserTests">
        <test-method is-config="true" signature="setupData()[pri:0, instance:test.UserTests@ec756bd]" started-at="2024-10-10T15:35:05 IST" name="setupData" finished-at="2024-10-10T15:35:05 IST" duration-ms="31" status="PASS">
          <reporter-output>
          </reporter-output>
        </test-method> <!-- setupData -->
        <test-method signature="postUser()[pri:1, instance:test.UserTests@ec756bd]" started-at="2024-10-10T15:35:05 IST" name="postUser" finished-at="2024-10-10T15:35:06 IST" duration-ms="1403" status="PASS">
          <reporter-output>
          </reporter-output>
        </test-method> <!-- postUser -->
        <test-method signature="testGetUserByName()[pri:2, instance:test.UserTests@ec756bd]" started-at="2024-10-10T15:35:06 IST" name="testGetUserByName" finished-at="2024-10-10T15:35:08 IST" duration-ms="1535" status="PASS">
          <reporter-output>
          </reporter-output>
        </test-method> <!-- testGetUserByName -->
        <test-method signature="testUpdateUserByName()[pri:3, instance:test.UserTests@ec756bd]" started-at="2024-10-10T15:35:08 IST" name="testUpdateUserByName" finished-at="2024-10-10T15:35:11 IST" duration-ms="2790" status="PASS">
          <reporter-output>
          </reporter-output>
        </test-method> <!-- testUpdateUserByName -->
        <test-method signature="testDeleteUserByName()[pri:4, instance:test.UserTests@ec756bd]" started-at="2024-10-10T15:35:11 IST" name="testDeleteUserByName" finished-at="2024-10-10T15:35:12 IST" duration-ms="1508" status="PASS">
          <reporter-output>
          </reporter-output>
        </test-method> <!-- testDeleteUserByName -->
      </class> <!-- test.UserTests -->
      <class name="test.DataDrivenTest">
        <test-method signature="testPostuser(java.lang.String,java.lang.String,java.lang.String,java.lang.String,java.lang.String,java.lang.String,java.lang.String)[pri:1, instance:test.DataDrivenTest@19d37183]" started-at="2024-10-10T15:34:47 IST" name="testPostuser" data-provider="Data" finished-at="2024-10-10T15:34:50 IST" duration-ms="3040" status="PASS">
          <params>
            <param index="0">
              <value>
                <![CDATA[1010]]>
              </value>
            </param>
            <param index="1">
              <value>
                <![CDATA[testuser1]]>
              </value>
            </param>
            <param index="2">
              <value>
                <![CDATA[John]]>
              </value>
            </param>
            <param index="3">
              <value>
                <![CDATA[Dig]]>
              </value>
            </param>
            <param index="4">
              <value>
                <![CDATA[test1@gmail.com]]>
              </value>
            </param>
            <param index="5">
              <value>
                <![CDATA[test@1]]>
              </value>
            </param>
            <param index="6">
              <value>
                <![CDATA[1234567890]]>
              </value>
            </param>
          </params>
          <reporter-output>
            <line>
              <![CDATA[User created and logged successfully]]>
            </line>
          </reporter-output>
        </test-method> <!-- testPostuser -->
        <test-method signature="testPostuser(java.lang.String,java.lang.String,java.lang.String,java.lang.String,java.lang.String,java.lang.String,java.lang.String)[pri:1, instance:test.DataDrivenTest@19d37183]" started-at="2024-10-10T15:34:50 IST" name="testPostuser" data-provider="Data" finished-at="2024-10-10T15:34:51 IST" duration-ms="1500" status="PASS">
          <params>
            <param index="0">
              <value>
                <![CDATA[1020]]>
              </value>
            </param>
            <param index="1">
              <value>
                <![CDATA[testuser2]]>
              </value>
            </param>
            <param index="2">
              <value>
                <![CDATA[Bell]]>
              </value>
            </param>
            <param index="3">
              <value>
                <![CDATA[Mars]]>
              </value>
            </param>
            <param index="4">
              <value>
                <![CDATA[test2@gmail.com]]>
              </value>
            </param>
            <param index="5">
              <value>
                <![CDATA[test@2]]>
              </value>
            </param>
            <param index="6">
              <value>
                <![CDATA[1234567890]]>
              </value>
            </param>
          </params>
          <reporter-output>
            <line>
              <![CDATA[User created and logged successfully]]>
            </line>
          </reporter-output>
        </test-method> <!-- testPostuser -->
        <test-method signature="testPostuser(java.lang.String,java.lang.String,java.lang.String,java.lang.String,java.lang.String,java.lang.String,java.lang.String)[pri:1, instance:test.DataDrivenTest@19d37183]" started-at="2024-10-10T15:34:51 IST" name="testPostuser" data-provider="Data" finished-at="2024-10-10T15:34:53 IST" duration-ms="1534" status="PASS">
          <params>
            <param index="0">
              <value>
                <![CDATA[1030]]>
              </value>
            </param>
            <param index="1">
              <value>
                <![CDATA[testuser3]]>
              </value>
            </param>
            <param index="2">
              <value>
                <![CDATA[Din]]>
              </value>
            </param>
            <param index="3">
              <value>
                <![CDATA[Von]]>
              </value>
            </param>
            <param index="4">
              <value>
                <![CDATA[test3@gmail.com]]>
              </value>
            </param>
            <param index="5">
              <value>
                <![CDATA[test@3]]>
              </value>
            </param>
            <param index="6">
              <value>
                <![CDATA[1234567890]]>
              </value>
            </param>
          </params>
          <reporter-output>
            <line>
              <![CDATA[User created and logged successfully]]>
            </line>
          </reporter-output>
        </test-method> <!-- testPostuser -->
        <test-method signature="testDeleteUsewr(java.lang.String)[pri:2, instance:test.DataDrivenTest@19d37183]" started-at="2024-10-10T15:34:53 IST" name="testDeleteUsewr" data-provider="UserNames" finished-at="2024-10-10T15:34:54 IST" duration-ms="1566" status="PASS">
          <params>
            <param index="0">
              <value>
                <![CDATA[testuser1]]>
              </value>
            </param>
          </params>
          <reporter-output>
          </reporter-output>
        </test-method> <!-- testDeleteUsewr -->
        <test-method signature="testDeleteUsewr(java.lang.String)[pri:2, instance:test.DataDrivenTest@19d37183]" started-at="2024-10-10T15:34:54 IST" name="testDeleteUsewr" data-provider="UserNames" finished-at="2024-10-10T15:34:56 IST" duration-ms="1536" status="PASS">
          <params>
            <param index="0">
              <value>
                <![CDATA[testuser2]]>
              </value>
            </param>
          </params>
          <reporter-output>
          </reporter-output>
        </test-method> <!-- testDeleteUsewr -->
        <test-method signature="testDeleteUsewr(java.lang.String)[pri:2, instance:test.DataDrivenTest@19d37183]" started-at="2024-10-10T15:34:56 IST" name="testDeleteUsewr" data-provider="UserNames" finished-at="2024-10-10T15:34:57 IST" duration-ms="1535" status="PASS">
          <params>
            <param index="0">
              <value>
                <![CDATA[testuser3]]>
              </value>
            </param>
          </params>
          <reporter-output>
          </reporter-output>
        </test-method> <!-- testDeleteUsewr -->
      </class> <!-- test.DataDrivenTest -->
    </test> <!-- Surefire test -->
  </suite> <!-- Surefire suite -->
</testng-results>
