<?xml version="1.0" encoding="UTF-8"?>
<testsuite xmlns:xsi="http://www.w3.org/2001/XMLSchema-instance" xsi:noNamespaceSchemaLocation="https://maven.apache.org/surefire/maven-surefire-plugin/xsd/surefire-test-report-3.0.xsd" version="3.0" name="TestSuite" time="27.072" tests="14" errors="0" skipped="0" failures="0">
  <properties>
[...]
</properties>
  <testcase name="testPostuser[1010, testuser1, John, Dig, test1@gmail.com, test@1, 1234567890](1)" classname="test.DataDrivenTest" time="3.037">
    <system-out><![CDATA[User created with username: testuser1
]]></system-out>
    <system-err><![CDATA[SLF4J: Failed to load class "org.slf4j.impl.StaticLoggerBinder".
SLF4J: Defaulting to no-operation (NOP) logger implementation
SLF4J: See http://www.slf4j.org/codes.html#StaticLoggerBinder for further details.
ERROR StatusLogger Log4j2 could not find a logging implementation. Please add log4j-core to the classpath. Using SimpleLogger to log to the console...
]]></system-err>
  </testcase>
  <testcase name="testPostuser[1020, testuser2, Bell, Mars, test2@gmail.com, test@2, 1234567890](2)" classname="test.DataDrivenTest" time="1.5">
    <system-out><![CDATA[User created with username: testuser2
]]></system-out>
  </testcase>
  <testcase name="testPostuser[1030, testuser3, Din, Von, test3@gmail.com, test@3, 1234567890](3)" classname="test.DataDrivenTest" time="1.535">
    <system-out><![CDATA[User created with username: testuser3
]]></system-out>
  </testcase>
  <testcase name="testDeleteUsewr[testuser1](1)" classname="test.DataDrivenTest" time="1.567">
    <system-out><![CDATA[Deleting 'testuser1' from database
]]></system-out>
  </testcase>
  <testcase name="testDeleteUsewr[testuser2](2)" classname="test.DataDrivenTest" time="1.537">
    <system-out><![CDATA[Deleting 'testuser2' from database
]]></system-out>
  </testcase>
  <testcase name="testDeleteUsewr[testuser3](3)" classname="test.DataDrivenTest" time="1.535">
    <system-out><![CDATA[Deleting 'testuser3' from database
]]></system-out>
  </testcase>
  <testcase name="postUser" classname="test.TestUsingPropFile" time="1.497">
    <system-out><![CDATA[payload.User@75c8d8e7
Casey
post request entered
User created with username: julio.thompson
]]></system-out>
  </testcase>
  <testcase name="testGetUserByName" classname="test.TestUsingPropFile" time="1.57">
    <system-out><![CDATA[Looking for username: julio.thompson
HTTP/1.1 200 OK
Date: Thu, 10 Oct 2024 10:04:57 GMT
Content-Type: application/json
Transfer-Encoding: chunked
Connection: keep-alive
Access-Control-Allow-Origin: *
Access-Control-Allow-Methods: GET, POST, DELETE, PUT
Access-Control-Allow-Headers: Content-Type, api_key, Authorization
Server: Jetty(9.2.9.v20150224)

{
    "id": 1739986996,
    "username": "julio.thompson",
    "firstName": "Rayford",
    "lastName": "Johnston",
    "email": "keely.rutherford@example.com",
    "password": "h3y4wc75r",
    "phone": "1-939-155-2586",
    "userStatus": 1739986996
}
User retrieved with username: julio.thompson
]]></system-out>
  </testcase>
  <testcase name="testUpdateUserByName" classname="test.TestUsingPropFile" time="2.832">
    <system-out><![CDATA[{
    "code": 200,
    "type": "unknown",
    "message": "1739986996"
}
{"id":1739986996,"username":"julio.thompson","firstName":"Clyde","lastName":"Thiel","email":"martin.strosin@example.com","password":"h3y4wc75r","phone":"1-939-155-2586","userStatus":1739986996}
]]></system-out>
  </testcase>
  <testcase name="testDeleteUserByName" classname="test.TestUsingPropFile" time="1.533"/>
  <testcase name="postUser" classname="test.UserTests" time="1.402">
    <system-out><![CDATA[payload.User@76379796
Gene
post request entered
User created with username: jerold.harber
]]></system-out>
  </testcase>
  <testcase name="testGetUserByName" classname="test.UserTests" time="1.536">
    <system-out><![CDATA[Looking for username: jerold.harber
HTTP/1.1 200 OK
Date: Thu, 10 Oct 2024 10:05:05 GMT
Content-Type: application/json
Transfer-Encoding: chunked
Connection: keep-alive
Access-Control-Allow-Origin: *
Access-Control-Allow-Methods: GET, POST, DELETE, PUT
Access-Control-Allow-Headers: Content-Type, api_key, Authorization
Server: Jetty(9.2.9.v20150224)

{
    "id": 1769513770,
    "username": "jerold.harber",
    "firstName": "Santo",
    "lastName": "Moore",
    "email": "mitch.batz@example.com",
    "password": "mo5b5d4x",
    "phone": "989-561-9512",
    "userStatus": 1769513770
}
User retrieved with username: jerold.harber
]]></system-out>
  </testcase>
  <testcase name="testUpdateUserByName" classname="test.UserTests" time="2.791">
    <system-out><![CDATA[{
    "code": 200,
    "type": "unknown",
    "message": "1769513770"
}
{"id":1769513770,"username":"jerold.harber","firstName":"Willian","lastName":"Orn","email":"bennie.zulauf@example.com","password":"mo5b5d4x","phone":"989-561-9512","userStatus":1769513770}
]]></system-out>
  </testcase>
  <testcase name="testDeleteUserByName" classname="test.UserTests" time="1.507"/>
</testsuite>