<?xml version="1.0" encoding="UTF-8"?>
<testng-results ignored="0" total="6" passed="6" failed="0" skipped="0">
  <reporter-output>
    <line>
      <![CDATA[User created and logged successfully]]>
    </line>
    <line>
      <![CDATA[User created and logged successfully]]>
    </line>
    <line>
      <![CDATA[User created and logged successfully]]>
    </line>
  </reporter-output>
  <suite started-at="2024-10-10T00:54:15 IST" name="Default suite" finished-at="2024-10-10T00:54:26 IST" duration-ms="11548">
    <groups>
    </groups>
    <test started-at="2024-10-10T00:54:15 IST" name="Default test" finished-at="2024-10-10T00:54:26 IST" duration-ms="11548">
      <class name="test.DataDrivenTest">
        <test-method signature="testPostuser(java.lang.String,java.lang.String,java.lang.String,java.lang.String,java.lang.String,java.lang.String,java.lang.String)[pri:1, instance:test.DataDrivenTest@428640fa]" started-at="2024-10-10T00:54:16 IST" name="testPostuser" data-provider="Data" finished-at="2024-10-10T00:54:19 IST" duration-ms="2920" status="PASS">
          <params>
            <param index="0">
              <value>
                <![CDATA[1010]]>
              </value>
            </param>
            <param index="1">
              <value>
                <![CDATA[testuser1]]>
              </value>
            </param>
            <param index="2">
              <value>
                <![CDATA[John]]>
              </value>
            </param>
            <param index="3">
              <value>
                <![CDATA[Dig]]>
              </value>
            </param>
            <param index="4">
              <value>
                <![CDATA[test1@gmail.com]]>
              </value>
            </param>
            <param index="5">
              <value>
                <![CDATA[test@1]]>
              </value>
            </param>
            <param index="6">
              <value>
                <![CDATA[1234567890]]>
              </value>
            </param>
          </params>
          <reporter-output>
            <line>
              <![CDATA[User created and logged successfully]]>
            </line>
          </reporter-output>
        </test-method> <!-- testPostuser -->
        <test-method signature="testPostuser(java.lang.String,java.lang.String,java.lang.String,java.lang.String,java.lang.String,java.lang.String,java.lang.String)[pri:1, instance:test.DataDrivenTest@428640fa]" started-at="2024-10-10T00:54:19 IST" name="testPostuser" data-provider="Data" finished-at="2024-10-10T00:54:20 IST" duration-ms="1514" status="PASS">
          <params>
            <param index="0">
              <value>
                <![CDATA[1020]]>
              </value>
            </param>
            <param index="1">
              <value>
                <![CDATA[testuser2]]>
              </value>
            </param>
            <param index="2">
              <value>
                <![CDATA[Bell]]>
              </value>
            </param>
            <param index="3">
              <value>
                <![CDATA[Mars]]>
              </value>
            </param>
            <param index="4">
              <value>
                <![CDATA[test2@gmail.com]]>
              </value>
            </param>
            <param index="5">
              <value>
                <![CDATA[test@2]]>
              </value>
            </param>
            <param index="6">
              <value>
                <![CDATA[1234567890]]>
              </value>
            </param>
          </params>
          <reporter-output>
            <line>
              <![CDATA[User created and logged successfully]]>
            </line>
          </reporter-output>
        </test-method> <!-- testPostuser -->
        <test-method signature="testPostuser(java.lang.String,java.lang.String,java.lang.String,java.lang.String,java.lang.String,java.lang.String,java.lang.String)[pri:1, instance:test.DataDrivenTest@428640fa]" started-at="2024-10-10T00:54:20 IST" name="testPostuser" data-provider="Data" finished-at="2024-10-10T00:54:22 IST" duration-ms="1534" status="PASS">
          <params>
            <param index="0">
              <value>
                <![CDATA[1030]]>
              </value>
            </param>
            <param index="1">
              <value>
                <![CDATA[testuser3]]>
              </value>
            </param>
            <param index="2">
              <value>
                <![CDATA[Din]]>
              </value>
            </param>
            <param index="3">
              <value>
                <![CDATA[Von]]>
              </value>
            </param>
            <param index="4">
              <value>
                <![CDATA[test3@gmail.com]]>
              </value>
            </param>
            <param index="5">
              <value>
                <![CDATA[test@3]]>
              </value>
            </param>
            <param index="6">
              <value>
                <![CDATA[1234567890]]>
              </value>
            </param>
          </params>
          <reporter-output>
            <line>
              <![CDATA[User created and logged successfully]]>
            </line>
          </reporter-output>
        </test-method> <!-- testPostuser -->
        <test-method signature="testDeleteUsewr(java.lang.String)[pri:2, instance:test.DataDrivenTest@428640fa]" started-at="2024-10-10T00:54:22 IST" name="testDeleteUsewr" data-provider="UserNames" finished-at="2024-10-10T00:54:23 IST" duration-ms="1572" status="PASS">
          <params>
            <param index="0">
              <value>
                <![CDATA[testuser1]]>
              </value>
            </param>
          </params>
          <reporter-output>
          </reporter-output>
        </test-method> <!-- testDeleteUsewr -->
        <test-method signature="testDeleteUsewr(java.lang.String)[pri:2, instance:test.DataDrivenTest@428640fa]" started-at="2024-10-10T00:54:23 IST" name="testDeleteUsewr" data-provider="UserNames" finished-at="2024-10-10T00:54:25 IST" duration-ms="1432" status="PASS">
          <params>
            <param index="0">
              <value>
                <![CDATA[testuser2]]>
              </value>
            </param>
          </params>
          <reporter-output>
          </reporter-output>
        </test-method> <!-- testDeleteUsewr -->
        <test-method signature="testDeleteUsewr(java.lang.String)[pri:2, instance:test.DataDrivenTest@428640fa]" started-at="2024-10-10T00:54:25 IST" name="testDeleteUsewr" data-provider="UserNames" finished-at="2024-10-10T00:54:26 IST" duration-ms="1535" status="PASS">
          <params>
            <param index="0">
              <value>
                <![CDATA[testuser3]]>
              </value>
            </param>
          </params>
          <reporter-output>
          </reporter-output>
        </test-method> <!-- testDeleteUsewr -->
      </class> <!-- test.DataDrivenTest -->
    </test> <!-- Default test -->
  </suite> <!-- Default suite -->
</testng-results>
